[2024-04-14 03:36:44]	[done]
	build successfully !

[2024-04-14 03:37:09]	[done]
	build successfully !

[2024-04-14 03:37:32]	[done]
	build successfully !

[2024-04-14 03:37:52]	[done]
	build successfully !

[2024-04-14 03:38:10]	[done]
	build successfully !

[2024-04-14 03:38:28]	[done]
	build successfully !

[2024-04-14 03:38:52]	compilation failed at : "e:\Electronic\Project\开关电源\基于STM32的Buck-Boost型数字电源\Buck-Boost\Core\Hardware\OLED_Data.c", exit code: 1
command: 
  "D:\Keil_v5\ARM\ARMCLANG\bin\armclang.exe" --target=arm-arm-none-eabi -c -xc -std=c99 -I../Core/Inc -I../Drivers/STM32G4xx_HAL_Driver/Inc -I../Drivers/STM32G4xx_HAL_Driver/Inc/Legacy -I../Drivers/CMSIS/Device/ST/STM32G4xx/Include -I../Drivers/CMSIS/Include -I../Core/Hardware -IRTE/_Buck-Boost -DUSE_HAL_DRIVER -DSTM32G474xx -mfloat-abi=hard -mfpu=fpv4-sp-d16 -mcpu=cortex-m4 -mlittle-endian -Os -ffunction-sections -funsigned-char -fshort-enums -fshort-wchar -fno-rtti -Wno-packed -Wno-missing-variable-declarations -Wno-missing-prototypes -Wno-missing-noreturn -Wno-sign-conversion -Wno-nonportable-include-path -Wno-reserved-id-macro -Wno-unused-macros -Wno-documentation-unknown-command -Wno-documentation -Wno-license-management -Wno-parentheses-equality -g -o ./build/Buck-Boost/.obj/__/Core/Hardware/OLED_Data.o -MMD ./../Core/Hardware/OLED_Data.c
   at unify_builder.Program.Main(String[] args_)
---
./../Core/Hardware/OLED_Data.c:335:30: error: redefinition of 'OLED_CF16x16' with a different type: 'const volatile ChineseCell_t[]' vs 'const ChineseCell_t[]'
  335 | volatile const ChineseCell_t OLED_CF16x16[] = {
      |                              ^
./../Core/Hardware/OLED_Data.h:21:28: note: previous declaration is here
   21 | extern const ChineseCell_t OLED_CF16x16[];
      |                            ^
1 error generated.

[2024-04-14 03:39:04]	[done]
	build successfully !

[2024-04-14 03:39:08]	[done]
	build successfully !

[2024-04-14 03:40:04]	[done]
	build successfully !

[2024-04-14 03:40:36]	[done]
	build successfully !

[2024-04-14 03:40:49]	[done]
	build successfully !

[2024-04-14 03:41:03]	[done]
	build successfully !

[2024-04-14 03:41:14]	[done]
	build successfully !

[2024-04-14 03:41:31]	[done]
	build successfully !

[2024-04-14 03:41:51]	[done]
	build successfully !

[2024-04-14 03:43:11]	[done]
	build successfully !

[2024-04-14 03:44:30]	[done]
	build successfully !

[2024-04-14 03:44:42]	[done]
	build successfully !

[2024-04-14 17:26:19]	[done]
	build successfully !

[2024-04-14 17:27:05]	compilation failed at : "e:\Electronic\Project\开关电源\基于STM32的Buck-Boost型数字电源\Buck-Boost\Core\Src\PID.c", exit code: 1
command: 
  "D:\Keil_v5\ARM\ARMCLANG\bin\armclang.exe" --target=arm-arm-none-eabi -c -xc -std=c99 -I../Core/Inc -I../Drivers/STM32G4xx_HAL_Driver/Inc -I../Drivers/STM32G4xx_HAL_Driver/Inc/Legacy -I../Drivers/CMSIS/Device/ST/STM32G4xx/Include -I../Drivers/CMSIS/Include -I../Core/Hardware -IRTE/_Buck-Boost -DUSE_HAL_DRIVER -DSTM32G474xx -mfloat-abi=hard -mfpu=fpv4-sp-d16 -mcpu=cortex-m4 -mlittle-endian -D__MICROLIB -O3 -ffunction-sections -funsigned-char -fshort-enums -fshort-wchar -fno-rtti -Wno-packed -Wno-missing-variable-declarations -Wno-missing-prototypes -Wno-missing-noreturn -Wno-sign-conversion -Wno-nonportable-include-path -Wno-reserved-id-macro -Wno-unused-macros -Wno-documentation-unknown-command -Wno-documentation -Wno-license-management -Wno-parentheses-equality -g -o ./build/Buck-Boost/.obj/__/Core/Src/PID.o -MMD ./../Core/Src/PID.c
   at unify_builder.Program.Main(String[] args_)
---
./../Core/Src/PID.c:139:5: error: unterminated function-like macro invocation
  139 |     __HAL_HRTIM_SETCOMPARE(&hhrtim1, HRTIM_TIMERINDEX_TIMER_F, HRTIM_COMPAREUNIT_1, CtrValue.BoostDuty ;
      |     ^
../Drivers/STM32G4xx_HAL_Driver/Inc\stm32g4xx_hal_hrtim.h:4488:9: note: macro '__HAL_HRTIM_SETCOMPARE' defined here
 4488 | #define __HAL_HRTIM_SETCOMPARE(__HANDLE__, __TIMER__, __COMPAREUNIT__, __COMPARE__) \
      |         ^
./../Core/Src/PID.c:140:2: error: expected '}'
  140 | }
      |  ^
./../Core/Src/PID.c:42:1: note: to match this '{'
   42 | {
      | ^
2 errors generated.

[2024-04-14 17:27:38]	[done]
	build successfully !

[2024-04-14 17:41:18]	[done]
	build successfully !

[2024-04-14 17:42:46]	[done]
	build successfully !

[2024-04-15 15:30:05]	[done]
	build successfully !

[2024-04-15 15:31:23]	[done]
	build successfully !

[2024-04-15 15:32:08]	[done]
	build successfully !

[2024-04-15 15:32:26]	[done]
	build successfully !

[2024-04-15 15:33:09]	[done]
	build successfully !

[2024-04-15 15:35:35]	[done]
	build successfully !

[2024-04-15 15:36:44]	[done]
	build successfully !

[2024-04-15 15:37:11]	[done]
	build successfully !

[2024-04-15 15:37:28]	[done]
	build successfully !

[2024-04-15 15:37:46]	[done]
	build successfully !

[2024-04-15 15:38:01]	[done]
	build successfully !

[2024-04-15 15:38:21]	[done]
	build successfully !

[2024-04-15 15:38:44]	[done]
	build successfully !

[2024-04-15 15:39:40]	[done]
	build successfully !

[2024-04-15 15:43:25]	[done]
	build successfully !

[2024-04-15 15:43:44]	[done]
	build successfully !

[2024-04-15 15:44:59]	[done]
	build successfully !

[2024-04-15 15:45:34]	[done]
	build successfully !

[2024-04-15 15:50:24]	[done]
	build successfully !

[2024-04-15 15:50:59]	[done]
	build successfully !

[2024-04-15 15:51:42]	[done]
	build successfully !

[2024-04-15 15:52:08]	[done]
	build successfully !

[2024-04-15 15:52:37]	[done]
	build successfully !

[2024-04-15 15:53:01]	[done]
	build successfully !

[2024-04-15 15:53:26]	[done]
	build successfully !

[2024-04-15 15:54:01]	[done]
	build successfully !

[2024-04-15 15:54:17]	[done]
	build successfully !

[2024-04-15 16:00:25]	[done]
	build successfully !

[2024-04-15 16:23:05]	[done]
	build successfully !

[2024-04-15 16:23:31]	[done]
	build successfully !

[2024-04-15 16:23:56]	[done]
	build successfully !

[2024-04-15 16:24:19]	[done]
	build successfully !

[2024-04-15 16:25:28]	[done]
	build successfully !

[2024-04-15 16:27:53]	[done]
	build successfully !

[2024-04-15 16:28:37]	[done]
	build successfully !

[2024-04-15 16:28:52]	[done]
	build successfully !

[2024-04-15 16:29:10]	[done]
	build successfully !

[2024-04-15 16:29:35]	[done]
	build successfully !

[2024-04-15 16:33:01]	[done]
	build successfully !

[2024-04-15 16:34:20]	[done]
	build successfully !

[2024-04-15 16:34:37]	[done]
	build successfully !

[2024-04-15 16:35:03]	[done]
	build successfully !

[2024-04-15 16:35:26]	[done]
	build successfully !

[2024-04-15 16:35:59]	[done]
	build successfully !

[2024-04-15 16:36:19]	[done]
	build successfully !

[2024-04-15 16:36:44]	[done]
	build successfully !

[2024-04-15 16:37:07]	[done]
	build successfully !

[2024-04-15 16:37:27]	[done]
	build successfully !

[2024-04-15 16:37:45]	[done]
	build successfully !

[2024-04-15 16:38:03]	[done]
	build successfully !

[2024-04-15 16:38:18]	[done]
	build successfully !

[2024-04-15 16:38:34]	[done]
	build successfully !

[2024-04-15 16:38:54]	[done]
	build successfully !

[2024-04-15 16:39:10]	[done]
	build successfully !

[2024-04-15 16:39:30]	[done]
	build successfully !

[2024-04-15 16:39:42]	[done]
	build successfully !

[2024-04-15 16:40:00]	[done]
	build successfully !

[2024-04-15 16:40:15]	[done]
	build successfully !

[2024-04-15 16:40:29]	[done]
	build successfully !

[2024-04-15 17:56:13]	[done]
	build successfully !

[2024-04-15 17:57:47]	[done]
	build successfully !

[2024-04-15 17:59:56]	[done]
	build successfully !

[2024-04-15 18:01:06]	[done]
	build successfully !

[2024-04-15 18:02:01]	[done]
	build successfully !

[2024-04-15 18:09:22]	[done]
	build successfully !

[2024-04-15 18:10:13]	[done]
	build successfully !

[2024-04-15 18:10:43]	[done]
	build successfully !

[2024-04-15 18:11:06]	[done]
	build successfully !

[2024-04-15 18:16:20]	compilation failed at : "e:\Electronic\Project\开关电源\基于STM32的Buck-Boost型数字电源\Buck-Boost\Core\Src\function.c", exit code: 1
command: 
  "D:\Keil_v5\ARM\ARMCLANG\bin\armclang.exe" --target=arm-arm-none-eabi -c -xc -std=c99 -I../Core/Inc -I../Drivers/STM32G4xx_HAL_Driver/Inc -I../Drivers/STM32G4xx_HAL_Driver/Inc/Legacy -I../Drivers/CMSIS/Device/ST/STM32G4xx/Include -I../Drivers/CMSIS/Include -I../Core/Hardware -IRTE/_Buck-Boost -DUSE_HAL_DRIVER -DSTM32G474xx -mfloat-abi=hard -mfpu=fpv4-sp-d16 -mcpu=cortex-m4 -mlittle-endian -D__MICROLIB -O3 -ffunction-sections -funsigned-char -fshort-enums -fshort-wchar -fno-rtti -Wno-packed -Wno-missing-variable-declarations -Wno-missing-prototypes -Wno-missing-noreturn -Wno-sign-conversion -Wno-nonportable-include-path -Wno-reserved-id-macro -Wno-unused-macros -Wno-documentation-unknown-command -Wno-documentation -Wno-license-management -Wno-parentheses-equality -g -o ./build/Buck-Boost/.obj/__/Core/Src/function.o -MMD ./../Core/Src/function.c
   at unify_builder.Program.Main(String[] args_)
---
./../Core/Src/function.c:733:17: error: invalid digit 'F' in decimal constant
  733 |     if ((Iout > MAX_SHORT_I) && (Vout < MIN_SHORT_V))
      |                 ^
./../Core/Src/function.c:20:22: note: expanded from macro 'MAX_SHORT_I'
   20 | #define MAX_SHORT_I 5F                                       // 短路电流判据
      |                      ^
1 error generated.

[2024-04-15 18:16:28]	[done]
	build successfully !

[2024-04-15 18:18:08]	[done]
	build successfully !

[2024-04-15 18:19:43]	[done]
	build successfully !

[2024-04-15 18:21:21]	[done]
	build successfully !

[2024-04-15 18:23:19]	[done]
	build successfully !

[2024-04-15 18:29:30]	[done]
	build successfully !

[2024-04-15 18:37:39]	[done]
	build successfully !

[2024-04-15 18:38:24]	[done]
	build successfully !

[2024-04-15 18:42:29]	[done]
	build successfully !

[2024-04-15 18:44:44]	[done]
	build successfully !

[2024-04-15 18:45:05]	[done]
	build successfully !

[2024-04-15 18:46:33]	[done]
	build successfully !

[2024-04-15 18:47:40]	[done]
	build successfully !

[2024-04-15 18:48:22]	[done]
	build successfully !

[2024-04-15 18:49:15]	[done]
	build successfully !

[2024-04-15 18:50:09]	[done]
	build successfully !

[2024-04-15 18:50:50]	[done]
	build successfully !

[2024-04-15 18:51:29]	[done]
	build successfully !

[2024-04-15 18:52:24]	[done]
	build successfully !

[2024-04-15 18:53:06]	[done]
	build successfully !

[2024-04-15 18:54:07]	[done]
	build successfully !

[2024-04-15 18:54:14]	[done]
	build successfully !

[2024-04-15 18:54:51]	[done]
	build successfully !

[2024-04-15 18:57:19]	[done]
	build successfully !

[2024-04-15 19:04:50]	[done]
	build successfully !

[2024-04-15 19:07:28]	[done]
	build successfully !

[2024-04-15 21:03:40]	[done]
	build successfully !

[2024-04-15 22:22:23]	compilation failed at : "e:\Electronic\Project\开关电源\基于STM32的Buck-Boost型数字电源\Buck-Boost\Core\Src\PID.c", exit code: 1
command: 
  "D:\Keil_v5\ARM\ARMCLANG\bin\armclang.exe" --target=arm-arm-none-eabi -c -xc -std=c99 -I../Core/Inc -I../Drivers/STM32G4xx_HAL_Driver/Inc -I../Drivers/STM32G4xx_HAL_Driver/Inc/Legacy -I../Drivers/CMSIS/Device/ST/STM32G4xx/Include -I../Drivers/CMSIS/Include -I../Core/Hardware -IRTE/_Buck-Boost -DUSE_HAL_DRIVER -DSTM32G474xx -mfloat-abi=hard -mfpu=fpv4-sp-d16 -mcpu=cortex-m4 -mlittle-endian -D__MICROLIB -O3 -ffunction-sections -funsigned-char -fshort-enums -fshort-wchar -fno-rtti -Wno-packed -Wno-missing-variable-declarations -Wno-missing-prototypes -Wno-missing-noreturn -Wno-sign-conversion -Wno-nonportable-include-path -Wno-reserved-id-macro -Wno-unused-macros -Wno-documentation-unknown-command -Wno-documentation -Wno-license-management -Wno-parentheses-equality -g -o ./build/Buck-Boost/.obj/__/Core/Src/PID.o -MMD ./../Core/Src/PID.c
   at unify_builder.Program.Main(String[] args_)
---
./../Core/Src/PID.c:55:13: error: non-static declaration of 'IoutTemp' follows static declaration
   55 |     int32_t IoutTemp = (int32_t)ADC1_RESULT[3];                          // 获取输出电流
      |             ^
./../Core/Src/PID.c:52:20: note: previous definition is here
   52 |     static int32_t IoutTemp = 0;
      |                    ^
1 error generated.

[2024-04-15 22:22:59]	[done]
	build successfully !

[2024-04-15 23:04:47]	[done]
	build successfully !

[2024-04-15 23:06:45]	[done]
	build successfully !

[2024-04-15 23:07:22]	[done]
	build successfully !

[2024-04-15 23:08:30]	[done]
	build successfully !

[2024-04-15 23:12:10]	[done]
	build successfully !

[2024-04-15 23:47:42]	[done]
	build successfully !

[2024-04-15 23:52:35]	[done]
	build successfully !

[2024-04-16 00:35:02]	[done]
	build successfully !

[2024-04-16 00:40:14]	[done]
	build successfully !

[2024-04-16 00:42:24]	[done]
	build successfully !

[2024-04-16 00:43:11]	[done]
	build successfully !

[2024-04-16 01:28:17]	[done]
	build successfully !

[2024-04-16 03:10:57]	[done]
	build successfully !

[2024-04-16 03:16:19]	[done]
	build successfully !

[2024-04-16 03:16:48]	compilation failed at : "e:\Electronic\Project\开关电源\基于STM32的Buck-Boost型数字电源\Buck-Boost\Core\Src\PID.c", exit code: 1
command: 
  "D:\Keil_v5\ARM\ARMCLANG\bin\armclang.exe" --target=arm-arm-none-eabi -c -xc -std=c99 -I../Core/Inc -I../Drivers/STM32G4xx_HAL_Driver/Inc -I../Drivers/STM32G4xx_HAL_Driver/Inc/Legacy -I../Drivers/CMSIS/Device/ST/STM32G4xx/Include -I../Drivers/CMSIS/Include -I../Core/Hardware -IRTE/_Buck-Boost -DUSE_HAL_DRIVER -DSTM32G474xx -mfloat-abi=hard -mfpu=fpv4-sp-d16 -mcpu=cortex-m4 -mlittle-endian -D__MICROLIB -O3 -ffunction-sections -funsigned-char -fshort-enums -fshort-wchar -fno-rtti -Wno-packed -Wno-missing-variable-declarations -Wno-missing-prototypes -Wno-missing-noreturn -Wno-sign-conversion -Wno-nonportable-include-path -Wno-reserved-id-macro -Wno-unused-macros -Wno-documentation-unknown-command -Wno-documentation -Wno-license-management -Wno-parentheses-equality -g -o ./build/Buck-Boost/.obj/__/Core/Src/PID.o -MMD ./../Core/Src/PID.c
   at unify_builder.Program.Main(String[] args_)
---
./../Core/Src/PID.c:51:13: error: 'BuckBoostVILoopCtlPID' causes a section type conflict with 'CVCC_Mode'
   51 | CCMRAM void BuckBoostVILoopCtlPID(void)
      |             ^
./../Core/Src/PID.c:17:28: note: declared here
   17 | CCMRAM volatile _CVCC_Mode CVCC_Mode = CV;               // 恒流恒压模式标志位
      |                            ^
1 error generated.

[2024-04-16 03:17:01]	[done]
	build successfully !

[2024-04-16 03:20:37]	[done]
	build successfully !

[2024-04-16 03:22:04]	[done]
	build successfully !

[2024-04-16 03:24:49]	[done]
	build successfully !

[2024-04-16 03:33:06]	[done]
	build successfully !

[2024-04-16 03:43:44]	[done]
	build successfully !

[2024-04-16 03:46:37]	[done]
	build successfully !

[2024-04-16 03:49:08]	[done]
	build successfully !

[2024-04-16 04:11:30]	[done]
	build successfully !

[2024-04-16 04:13:10]	[done]
	build successfully !

[2024-04-16 04:15:08]	[done]
	build successfully !

[2024-04-16 16:10:23]	[done]
	build successfully !

[2024-04-16 16:10:29]	[done]
	build successfully !

[2024-04-16 18:11:25]	[done]
	build successfully !

[2024-04-16 18:12:01]	[done]
	build successfully !

[2024-04-16 18:14:49]	[done]
	build successfully !

[2024-04-16 18:16:16]	[done]
	build successfully !

[2024-04-16 18:17:20]	[done]
	build successfully !

[2024-04-16 18:20:13]	[done]
	build successfully !

[2024-04-16 18:21:37]	[done]
	build successfully !

[2024-04-16 18:22:07]	[done]
	build successfully !

[2024-04-16 21:18:43]	[done]
	build successfully !

[2024-04-16 22:34:22]	[done]
	build successfully !

[2024-04-16 23:55:29]	[done]
	build successfully !

[2024-04-16 23:59:46]	[done]
	build successfully !

[2024-04-17 00:01:58]	[done]
	build successfully !

[2024-04-17 00:05:11]	[done]
	build successfully !

[2024-04-17 00:07:16]	[done]
	build successfully !

[2024-04-17 00:07:26]	[done]
	build successfully !

[2024-04-17 00:08:39]	[done]
	build successfully !

[2024-04-17 00:10:18]	[done]
	build successfully !

[2024-04-17 00:13:35]	[done]
	build successfully !

[2024-04-17 00:13:46]	[done]
	build successfully !

[2024-04-17 00:15:02]	[done]
	build successfully !

[2024-04-17 00:19:05]	[done]
	build successfully !

[2024-04-17 00:19:25]	[done]
	build successfully !

[2024-04-17 00:26:03]	[done]
	build successfully !

[2024-04-17 00:26:56]	[done]
	build successfully !

[2024-04-17 00:28:18]	[done]
	build successfully !

[2024-04-17 00:29:30]	[done]
	build successfully !

[2024-04-17 00:31:26]	[done]
	build successfully !

[2024-04-17 00:36:11]	[done]
	build successfully !

[2024-04-17 00:36:51]	[done]
	build successfully !

[2024-04-17 02:35:05]	[done]
	build successfully !

[2024-04-17 02:36:18]	[done]
	build successfully !

[2024-04-17 02:36:32]	[done]
	build successfully !

[2024-04-17 02:37:23]	[done]
	build successfully !

[2024-04-17 02:38:35]	[done]
	build successfully !

[2024-04-17 02:39:21]	[done]
	build successfully !

[2024-04-17 02:40:28]	[done]
	build successfully !

[2024-04-17 02:40:58]	[done]
	build successfully !

[2024-04-17 02:42:01]	[done]
	build successfully !

[2024-04-17 02:42:46]	[done]
	build successfully !

[2024-04-17 02:43:10]	[done]
	build successfully !

[2024-04-17 02:43:46]	[done]
	build successfully !

[2024-04-17 02:44:37]	[done]
	build successfully !

[2024-04-17 02:46:13]	[done]
	build successfully !

[2024-04-17 02:47:41]	[done]
	build successfully !

[2024-04-17 02:48:18]	[done]
	build successfully !

[2024-04-17 02:49:28]	[done]
	build successfully !

[2024-04-17 02:50:51]	[done]
	build successfully !

[2024-04-17 02:51:55]	[done]
	build successfully !

[2024-04-17 02:52:33]	[done]
	build successfully !

[2024-04-17 02:53:25]	[done]
	build successfully !

[2024-04-17 02:55:02]	[done]
	build successfully !

[2024-04-17 02:55:24]	[done]
	build successfully !

[2024-04-17 02:55:39]	[done]
	build successfully !

[2024-04-17 02:55:57]	[done]
	build successfully !

[2024-04-17 02:56:11]	[done]
	build successfully !

[2024-04-17 02:56:27]	[done]
	build successfully !

[2024-04-17 02:56:43]	[done]
	build successfully !

[2024-04-17 02:56:58]	[done]
	build successfully !

[2024-04-17 02:57:47]	[done]
	build successfully !

[2024-04-17 02:58:36]	[done]
	build successfully !

[2024-04-17 02:59:04]	[done]
	build successfully !

[2024-04-17 02:59:39]	[done]
	build successfully !

[2024-04-17 03:00:25]	[done]
	build successfully !

[2024-04-17 03:00:45]	[done]
	build successfully !

[2024-04-17 03:01:19]	[done]
	build successfully !

[2024-04-17 03:01:40]	[done]
	build successfully !

[2024-04-17 03:02:01]	[done]
	build successfully !

[2024-04-17 03:02:28]	[done]
	build successfully !

[2024-04-17 03:02:44]	[done]
	build successfully !

[2024-04-17 03:03:04]	[done]
	build successfully !

[2024-04-17 03:03:19]	[done]
	build successfully !

[2024-04-17 03:03:44]	[done]
	build successfully !

[2024-04-17 03:04:17]	[done]
	build successfully !

[2024-04-17 03:04:30]	[done]
	build successfully !

[2024-04-17 03:04:51]	[done]
	build successfully !

[2024-04-17 03:05:05]	[done]
	build successfully !

[2024-04-17 03:06:08]	[done]
	build successfully !

[2024-04-17 03:07:17]	[done]
	build successfully !

[2024-04-17 03:29:30]	[done]
	build successfully !

[2024-04-17 03:31:09]	[done]
	build successfully !

[2024-04-17 03:32:22]	[done]
	build successfully !

[2024-04-17 03:33:43]	[done]
	build successfully !

[2024-04-17 03:34:25]	[done]
	build successfully !

[2024-04-17 03:35:03]	[done]
	build successfully !

[2024-04-17 03:35:06]	[done]
	build successfully !

[2024-04-17 17:27:49]	[done]
	build successfully !

[2024-04-17 17:28:55]	[done]
	build successfully !

[2024-04-17 17:29:27]	[done]
	build successfully !

[2024-04-17 17:30:01]	[done]
	build successfully !

[2024-04-17 17:30:23]	[done]
	build successfully !

[2024-04-17 17:30:45]	[done]
	build successfully !

[2024-04-17 17:31:07]	[done]
	build successfully !

[2024-04-17 17:31:36]	[done]
	build successfully !

[2024-04-17 17:32:18]	[done]
	build successfully !

[2024-04-17 17:32:44]	[done]
	build successfully !

[2024-04-17 17:33:03]	[done]
	build successfully !

[2024-04-17 17:34:00]	[done]
	build successfully !

[2024-04-17 17:34:58]	[done]
	build successfully !

[2024-04-17 17:35:43]	[done]
	build successfully !

[2024-04-17 17:36:59]	[done]
	build successfully !

[2024-04-17 17:47:35]	[done]
	build successfully !

[2024-04-17 17:48:11]	[done]
	build successfully !

[2024-04-17 17:48:43]	[done]
	build successfully !

[2024-04-17 17:49:19]	[done]
	build successfully !

[2024-04-17 17:50:01]	[done]
	build successfully !

[2024-04-17 17:50:33]	[done]
	build successfully !

[2024-04-17 17:51:17]	[done]
	build successfully !

[2024-04-17 17:51:47]	[done]
	build successfully !

[2024-04-17 17:52:21]	[done]
	build successfully !

[2024-04-17 17:53:16]	[done]
	build successfully !

[2024-04-17 17:53:56]	[done]
	build successfully !

[2024-04-17 18:12:24]	[done]
	build successfully !

[2024-04-17 18:13:19]	[done]
	build successfully !

[2024-04-17 18:13:44]	[done]
	build successfully !

[2024-04-17 18:14:22]	[done]
	build successfully !

[2024-04-17 18:14:41]	[done]
	build successfully !

[2024-04-17 18:15:12]	[done]
	build successfully !

[2024-04-17 18:16:11]	[done]
	build successfully !

[2024-04-17 18:16:43]	[done]
	build successfully !

[2024-04-17 18:17:09]	[done]
	build successfully !

[2024-04-17 18:17:36]	[done]
	build successfully !

[2024-04-17 18:18:30]	[done]
	build successfully !

[2024-04-17 18:19:04]	[done]
	build successfully !

[2024-04-17 18:19:39]	[done]
	build successfully !

[2024-04-17 18:20:05]	[done]
	build successfully !

[2024-04-17 18:20:42]	[done]
	build successfully !

[2024-04-17 18:21:57]	[done]
	build successfully !

[2024-04-17 18:22:17]	[done]
	build successfully !

[2024-04-17 18:22:36]	[done]
	build successfully !

[2024-04-17 18:23:02]	[done]
	build successfully !

[2024-04-17 18:23:31]	[done]
	build successfully !

[2024-04-17 18:23:53]	[done]
	build successfully !

[2024-04-17 18:24:41]	[done]
	build successfully !

[2024-04-17 18:25:07]	[done]
	build successfully !

[2024-04-17 18:25:45]	[done]
	build successfully !

[2024-04-17 18:26:02]	[done]
	build successfully !

[2024-04-17 18:26:57]	[done]
	build successfully !

[2024-04-17 18:31:31]	[done]
	build successfully !

[2024-04-17 18:32:20]	[done]
	build successfully !

[2024-04-17 18:33:44]	[done]
	build successfully !

[2024-04-18 15:30:14]	compilation failed at : "e:\Electronic\Project\开关电源\基于STM32的Buck-Boost型数字电源\Buck-Boost\Core\Src\PID.c", exit code: 1
command: 
  "D:\Keil_v5\ARM\ARMCLANG\bin\armclang.exe" --target=arm-arm-none-eabi -c -xc -std=c99 -I../Core/Inc -I../Drivers/STM32G4xx_HAL_Driver/Inc -I../Drivers/STM32G4xx_HAL_Driver/Inc/Legacy -I../Drivers/CMSIS/Device/ST/STM32G4xx/Include -I../Drivers/CMSIS/Include -I../Core/Hardware -IRTE/_Buck-Boost -DUSE_HAL_DRIVER -DSTM32G474xx -mfloat-abi=hard -mfpu=fpv4-sp-d16 -mcpu=cortex-m4 -mlittle-endian -D__MICROLIB -O3 -ffunction-sections -funsigned-char -fshort-enums -fshort-wchar -fno-rtti -Wno-packed -Wno-missing-variable-declarations -Wno-missing-prototypes -Wno-missing-noreturn -Wno-sign-conversion -Wno-nonportable-include-path -Wno-reserved-id-macro -Wno-unused-macros -Wno-documentation-unknown-command -Wno-documentation -Wno-license-management -Wno-parentheses-equality -g -o ./build/Buck-Boost/.obj/__/Core/Src/PID.o -MMD ./../Core/Src/PID.c
   at unify_builder.Program.Main(String[] args_)
---
In file included from ./../Core/Src/PID.c:3:
../Core/Inc\function.h:41:17: error: unknown type name '_CVCC_Mode'
   41 | extern volatile _CVCC_Mode CVCC_Mode;                   // 电源模式
      |                 ^
1 error generated.

[2024-04-18 15:30:19]	compilation failed at : "e:\Electronic\Project\开关电源\基于STM32的Buck-Boost型数字电源\Buck-Boost\Core\Src\PID.c", exit code: 1
command: 
  "D:\Keil_v5\ARM\ARMCLANG\bin\armclang.exe" --target=arm-arm-none-eabi -c -xc -std=c99 -I../Core/Inc -I../Drivers/STM32G4xx_HAL_Driver/Inc -I../Drivers/STM32G4xx_HAL_Driver/Inc/Legacy -I../Drivers/CMSIS/Device/ST/STM32G4xx/Include -I../Drivers/CMSIS/Include -I../Core/Hardware -IRTE/_Buck-Boost -DUSE_HAL_DRIVER -DSTM32G474xx -mfloat-abi=hard -mfpu=fpv4-sp-d16 -mcpu=cortex-m4 -mlittle-endian -D__MICROLIB -O3 -ffunction-sections -funsigned-char -fshort-enums -fshort-wchar -fno-rtti -Wno-packed -Wno-missing-variable-declarations -Wno-missing-prototypes -Wno-missing-noreturn -Wno-sign-conversion -Wno-nonportable-include-path -Wno-reserved-id-macro -Wno-unused-macros -Wno-documentation-unknown-command -Wno-documentation -Wno-license-management -Wno-parentheses-equality -g -o ./build/Buck-Boost/.obj/__/Core/Src/PID.o -MMD ./../Core/Src/PID.c
   at unify_builder.Program.Main(String[] args_)
---
In file included from ./../Core/Src/PID.c:3:
../Core/Inc\function.h:41:17: error: unknown type name '_CVCC_Mode'
   41 | extern volatile _CVCC_Mode CVCC_Mode;                   // 电源模式
      |                 ^
1 error generated.

[2024-04-18 15:31:07]	[done]
	build successfully !

[2024-04-18 15:31:33]	[done]
	build successfully !

[2024-04-19 17:34:52]	[done]
	build successfully !

[2024-04-19 18:30:35]	[done]
	build successfully !

[2024-04-19 18:33:27]	[done]
	build successfully !

[2024-04-19 18:36:01]	[done]
	build successfully !

[2024-04-19 18:37:12]	[done]
	build successfully !

[2024-04-19 18:38:11]	[done]
	build successfully !

[2024-04-19 18:38:47]	[done]
	build successfully !

[2024-04-19 18:39:07]	[done]
	build successfully !

[2024-04-19 18:39:45]	[done]
	build successfully !

[2024-04-19 18:40:06]	[done]
	build successfully !

[2024-04-19 18:40:13]	[done]
	build successfully !

[2024-04-19 18:40:27]	[done]
	build successfully !

[2024-04-19 18:40:57]	[done]
	build successfully !

[2024-04-19 18:41:19]	[done]
	build successfully !

[2024-04-19 18:41:43]	[done]
	build successfully !

[2024-04-19 18:42:10]	[done]
	build successfully !

[2024-04-19 18:46:57]	[done]
	build successfully !

[2024-04-19 18:49:07]	[done]
	build successfully !

[2024-04-19 18:51:10]	[done]
	build successfully !

[2024-04-19 18:55:27]	[done]
	build successfully !

[2024-04-20 00:03:34]	[done]
	build successfully !

[2024-04-20 03:18:52]	[done]
	build successfully !

[2024-04-20 03:19:37]	[done]
	build successfully !

[2024-04-20 14:38:27]	[done]
	build successfully !

[2024-04-20 14:38:47]	[done]
	build successfully !

[2024-04-20 14:39:11]	[done]
	build successfully !

[2024-04-20 14:40:20]	[done]
	build successfully !

[2024-04-20 14:40:44]	[done]
	build successfully !

[2024-04-20 14:42:50]	[done]
	build successfully !

[2024-04-20 14:43:41]	[done]
	build successfully !

[2024-04-20 14:44:25]	[done]
	build successfully !

[2024-04-20 14:45:31]	[done]
	build successfully !

[2024-04-20 15:49:29]	[done]
	build successfully !

[2024-04-20 15:49:47]	[done]
	build successfully !

[2024-04-20 15:50:52]	[done]
	build successfully !

[2024-04-20 15:51:35]	[done]
	build successfully !

[2024-04-20 15:52:08]	[done]
	build successfully !

[2024-04-20 15:52:26]	[done]
	build successfully !

[2024-04-20 15:52:34]	[done]
	build successfully !

[2024-04-20 15:53:04]	[done]
	build successfully !

[2024-04-20 15:53:19]	[done]
	build successfully !

[2024-04-20 15:53:34]	[done]
	build successfully !

[2024-04-20 15:54:53]	[done]
	build successfully !

[2024-04-20 15:55:12]	[done]
	build successfully !

[2024-04-20 15:55:58]	[done]
	build successfully !

[2024-04-20 15:56:34]	[done]
	build successfully !

[2024-04-20 15:57:11]	[done]
	build successfully !

[2024-04-20 15:57:42]	[done]
	build successfully !

[2024-04-20 16:00:31]	compilation failed at : "e:\Electronic\Project\开关电源\基于STM32的Buck-Boost型数字电源\Buck-Boost\Core\Src\PID.c", exit code: 1
command: 
  "D:\Keil_v5\ARM\ARMCLANG\bin\armclang.exe" --target=arm-arm-none-eabi -c -xc -std=c99 -I../Core/Inc -I../Drivers/STM32G4xx_HAL_Driver/Inc -I../Drivers/STM32G4xx_HAL_Driver/Inc/Legacy -I../Drivers/CMSIS/Device/ST/STM32G4xx/Include -I../Drivers/CMSIS/Include -I../Core/Hardware -IRTE/_Buck-Boost -DUSE_HAL_DRIVER -DSTM32G474xx -mfloat-abi=hard -mfpu=fpv4-sp-d16 -mcpu=cortex-m4 -mlittle-endian -D__MICROLIB -O3 -ffunction-sections -funsigned-char -fshort-enums -fshort-wchar -fno-rtti -Wno-packed -Wno-missing-variable-declarations -Wno-missing-prototypes -Wno-missing-noreturn -Wno-sign-conversion -Wno-nonportable-include-path -Wno-reserved-id-macro -Wno-unused-macros -Wno-documentation-unknown-command -Wno-documentation -Wno-license-management -Wno-parentheses-equality -g -o ./build/Buck-Boost/.obj/__/Core/Src/PID.o -MMD ./../Core/Src/PID.c
   at unify_builder.Program.Main(String[] args_)
---
./../Core/Src/PID.c:136:17: error: use of undeclared identifier 'STState'
  136 |                 STState=Rise;
      |                 ^
1 error generated.

[2024-04-20 16:01:57]	compilation failed at : "e:\Electronic\Project\开关电源\基于STM32的Buck-Boost型数字电源\Buck-Boost\Core\Src\PID.c", exit code: 1
command: 
  "D:\Keil_v5\ARM\ARMCLANG\bin\armclang.exe" --target=arm-arm-none-eabi -c -xc -std=c99 -I../Core/Inc -I../Drivers/STM32G4xx_HAL_Driver/Inc -I../Drivers/STM32G4xx_HAL_Driver/Inc/Legacy -I../Drivers/CMSIS/Device/ST/STM32G4xx/Include -I../Drivers/CMSIS/Include -I../Core/Hardware -IRTE/_Buck-Boost -DUSE_HAL_DRIVER -DSTM32G474xx -mfloat-abi=hard -mfpu=fpv4-sp-d16 -mcpu=cortex-m4 -mlittle-endian -D__MICROLIB -O3 -ffunction-sections -funsigned-char -fshort-enums -fshort-wchar -fno-rtti -Wno-packed -Wno-missing-variable-declarations -Wno-missing-prototypes -Wno-missing-noreturn -Wno-sign-conversion -Wno-nonportable-include-path -Wno-reserved-id-macro -Wno-unused-macros -Wno-documentation-unknown-command -Wno-documentation -Wno-license-management -Wno-parentheses-equality -g -o ./build/Buck-Boost/.obj/__/Core/Src/PID.o -MMD ./../Core/Src/PID.c
   at unify_builder.Program.Main(String[] args_)
---
./../Core/Src/PID.c:136:17: error: use of undeclared identifier 'STState'; did you mean 'STStatel'?
  136 |                 STState=Rise;
      |                 ^~~~~~~
      |                 STStatel
../Core/Inc\function.h:138:17: note: 'STStatel' declared here
  138 | extern SState_M STStatel;                                               // 软启状态机
      |                 ^
./../Core/Src/PID.c:136:25: warning: implicit conversion from enumeration type 'STATE_M' to different enumeration type 'SState_M' [-Wenum-conversion]
  136 |                 STState=Rise;
      |                        ~^~~~
1 warning and 1 error generated.

[2024-04-20 16:02:29]	[done]
	build successfully !

[2024-04-20 16:04:07]	[done]
	build successfully !

[2024-04-20 16:07:25]	[done]
	build successfully !

[2024-04-20 16:07:54]	[done]
	build successfully !

[2024-04-20 16:08:04]	[done]
	build successfully !

[2024-04-20 16:08:20]	[done]
	build successfully !

[2024-04-20 16:08:41]	[done]
	build successfully !

[2024-04-20 16:09:53]	[done]
	build successfully !

[2024-04-20 16:10:06]	[done]
	build successfully !

[2024-04-20 16:10:49]	[done]
	build successfully !

[2024-04-20 16:10:56]	[done]
	build successfully !

[2024-04-20 16:13:14]	[done]
	build successfully !

[2024-04-20 16:13:42]	[done]
	build successfully !

[2024-04-20 16:14:17]	[done]
	build successfully !

[2024-04-20 16:14:32]	[done]
	build successfully !

[2024-04-20 16:17:15]	[done]
	build successfully !

[2024-04-20 16:18:13]	[done]
	build successfully !

[2024-04-20 17:05:36]	[done]
	build successfully !

[2024-04-20 17:45:46]	[done]
	build successfully !

[2024-04-20 18:07:11]	[done]
	build successfully !

[2024-04-20 18:12:54]	[done]
	build successfully !

[2024-04-20 18:13:16]	[done]
	build successfully !

[2024-04-20 18:13:24]	[done]
	build successfully !

[2024-04-21 00:42:01]	[done]
	build successfully !

[2024-04-21 00:45:40]	[done]
	build successfully !

[2024-04-21 00:46:14]	[done]
	build successfully !

[2024-04-21 00:46:46]	[done]
	build successfully !

[2024-04-21 00:47:59]	[done]
	build successfully !

[2024-04-21 00:51:26]	[done]
	build successfully !

[2024-04-21 00:51:42]	[done]
	build successfully !

[2024-04-21 00:52:47]	[done]
	build successfully !

[2024-04-21 00:54:50]	[done]
	build successfully !

[2024-04-21 00:55:29]	[done]
	build successfully !

[2024-04-21 00:57:24]	[done]
	build successfully !

[2024-04-21 00:58:31]	[done]
	build successfully !

[2024-04-21 01:05:03]	[done]
	build successfully !

[2024-04-21 01:06:20]	[done]
	build successfully !

[2024-04-21 01:09:05]	[done]
	build successfully !

[2024-04-21 01:09:23]	[done]
	build successfully !

[2024-04-21 01:10:19]	[done]
	build successfully !

[2024-04-21 01:12:32]	[done]
	build successfully !

[2024-04-21 01:17:44]	compilation failed at : "e:\Electronic\Project\开关电源\基于STM32的Buck-Boost型数字电源\Buck-Boost\Core\Src\PID.c", exit code: 1
command: 
  "D:\Keil_v5\ARM\ARMCLANG\bin\armclang.exe" --target=arm-arm-none-eabi -c -xc -std=c99 -I../Core/Inc -I../Drivers/STM32G4xx_HAL_Driver/Inc -I../Drivers/STM32G4xx_HAL_Driver/Inc/Legacy -I../Drivers/CMSIS/Device/ST/STM32G4xx/Include -I../Drivers/CMSIS/Include -I../Core/Hardware -IRTE/_Buck-Boost -DUSE_HAL_DRIVER -DSTM32G474xx -mfloat-abi=hard -mfpu=fpv4-sp-d16 -mcpu=cortex-m4 -mlittle-endian -D__MICROLIB -O3 -ffunction-sections -funsigned-char -fshort-enums -fshort-wchar -fno-rtti -Wno-packed -Wno-missing-variable-declarations -Wno-missing-prototypes -Wno-missing-noreturn -Wno-sign-conversion -Wno-nonportable-include-path -Wno-reserved-id-macro -Wno-unused-macros -Wno-documentation-unknown-command -Wno-documentation -Wno-license-management -Wno-parentheses-equality -g -o ./build/Buck-Boost/.obj/__/Core/Src/PID.o -MMD ./../Core/Src/PID.c
   at unify_builder.Program.Main(String[] args_)
---
./../Core/Src/PID.c:61:14: error: no member named 'Vout_tempref' in 'struct _Ctr_value'
   61 |     CtrValue.Vout_tempref = CtrValue.Vout_ref;
      |     ~~~~~~~~ ^
1 error generated.

[2024-04-21 01:18:02]	[done]
	build successfully !

[2024-04-21 01:18:08]	[done]
	build successfully !

[2024-04-21 01:23:01]	[done]
	build successfully !

[2024-04-21 01:24:15]	[done]
	build successfully !

[2024-04-21 01:26:29]	[done]
	build successfully !

[2024-04-21 01:28:19]	[done]
	build successfully !

[2024-04-21 01:30:04]	[done]
	build successfully !

[2024-04-21 01:31:06]	[done]
	build successfully !

[2024-04-21 01:32:42]	[done]
	build successfully !

[2024-04-21 01:36:25]	[done]
	build successfully !

[2024-04-21 01:44:24]	[done]
	build successfully !

[2024-04-21 02:06:36]	link failed !, exit code: 1
   at unify_builder.Program.Main(String[] args_)
---
Error: L6218E: Undefined symbol HAL_SPI_Init (referred from spi.o).
Not enough information to list image symbols.
Finished: 1 information, 0 warning and 1 error messages.


[2024-04-21 02:07:23]	[done]
	build successfully !

[2024-04-21 02:15:37]	compilation failed at : "e:\Electronic\Project\开关电源\基于STM32的Buck-Boost型数字电源\Buck-Boost\Core\Hardware\W25Q64.c", exit code: 1
command: 
  "D:\Keil_v5\ARM\ARMCLANG\bin\armclang.exe" --target=arm-arm-none-eabi -c -xc -std=c99 -I../Core/Inc -I../Drivers/STM32G4xx_HAL_Driver/Inc -I../Drivers/STM32G4xx_HAL_Driver/Inc/Legacy -I../Drivers/CMSIS/Device/ST/STM32G4xx/Include -I../Drivers/CMSIS/Include -I../Core/Hardware -IRTE/_Buck-Boost -DUSE_HAL_DRIVER -DSTM32G474xx -mfloat-abi=hard -mfpu=fpv4-sp-d16 -mcpu=cortex-m4 -mlittle-endian -D__MICROLIB -O3 -ffunction-sections -funsigned-char -fshort-enums -fshort-wchar -fno-rtti -Wno-packed -Wno-missing-variable-declarations -Wno-missing-prototypes -Wno-missing-noreturn -Wno-sign-conversion -Wno-nonportable-include-path -Wno-reserved-id-macro -Wno-unused-macros -Wno-documentation-unknown-command -Wno-documentation -Wno-license-management -Wno-parentheses-equality -g -o ./build/Buck-Boost/.obj/__/Core/Hardware/W25Q64.o -MMD ./../Core/Hardware/W25Q64.c
   at unify_builder.Program.Main(String[] args_)
---
./../Core/Hardware/W25Q64.c:6:2: error: call to undeclared function 'MySPI_Init'; ISO C99 and later do not support implicit function declarations [-Wimplicit-function-declaration]
    6 |         MySPI_Init();
      |         ^
./../Core/Hardware/W25Q64.c:16:54: warning: implicit conversion from enumeration type 'FlagStatus' to different enumeration type 'GPIO_PinState' [-Wenum-conversion]
   16 |         HAL_GPIO_WritePin(Flash_CS_GPIO_Port, Flash_CS_Pin, RESET);
      |         ~~~~~~~~~~~~~~~~~                                   ^~~~~
./../Core/Hardware/W25Q64.c:25:54: warning: implicit conversion from enumeration type 'FlagStatus' to different enumeration type 'GPIO_PinState' [-Wenum-conversion]
   25 |         HAL_GPIO_WritePin(Flash_CS_GPIO_Port, Flash_CS_Pin, SET);
      |         ~~~~~~~~~~~~~~~~~                                   ^~~
./../Core/Hardware/W25Q64.c:31:2: error: call to undeclared function 'MySPI_SwapByte'; ISO C99 and later do not support implicit function declarations [-Wimplicit-function-declaration]
   31 |         MySPI_SwapByte(W25Q64_JEDEC_ID);
      |         ^
./../Core/Hardware/W25Q64.c:42:2: error: call to undeclared function 'MySPI_SwapByte'; ISO C99 and later do not support implicit function declarations [-Wimplicit-function-declaration]
   42 |         MySPI_SwapByte(W25Q64_WRITE_ENABLE);
      |         ^
./../Core/Hardware/W25Q64.c:50:2: error: call to undeclared function 'MySPI_SwapByte'; ISO C99 and later do not support implicit function declarations [-Wimplicit-function-declaration]
   50 |         MySPI_SwapByte(W25Q64_READ_STATUS_REGISTER_1);
      |         ^
./../Core/Hardware/W25Q64.c:70:2: error: call to undeclared function 'MySPI_SwapByte'; ISO C99 and later do not support implicit function declarations [-Wimplicit-function-declaration]
   70 |         MySPI_SwapByte(W25Q64_PAGE_PROGRAM);
      |         ^
./../Core/Hardware/W25Q64.c:88:2: error: call to undeclared function 'MySPI_SwapByte'; ISO C99 and later do not support implicit function declarations [-Wimplicit-function-declaration]
   88 |         MySPI_SwapByte(W25Q64_SECTOR_ERASE_4KB);
      |         ^
./../Core/Hardware/W25Q64.c:101:2: error: call to undeclared function 'MySPI_SwapByte'; ISO C99 and later do not support implicit function declarations [-Wimplicit-function-declaration]
  101 |         MySPI_SwapByte(W25Q64_READ_DATA);
      |         ^
2 warnings and 7 errors generated.

[2024-04-21 02:16:27]	compilation failed at : "e:\Electronic\Project\开关电源\基于STM32的Buck-Boost型数字电源\Buck-Boost\Core\Hardware\W25Q64.c", exit code: 1
command: 
  "D:\Keil_v5\ARM\ARMCLANG\bin\armclang.exe" --target=arm-arm-none-eabi -c -xc -std=c99 -I../Core/Inc -I../Drivers/STM32G4xx_HAL_Driver/Inc -I../Drivers/STM32G4xx_HAL_Driver/Inc/Legacy -I../Drivers/CMSIS/Device/ST/STM32G4xx/Include -I../Drivers/CMSIS/Include -I../Core/Hardware -IRTE/_Buck-Boost -DUSE_HAL_DRIVER -DSTM32G474xx -mfloat-abi=hard -mfpu=fpv4-sp-d16 -mcpu=cortex-m4 -mlittle-endian -D__MICROLIB -O3 -ffunction-sections -funsigned-char -fshort-enums -fshort-wchar -fno-rtti -Wno-packed -Wno-missing-variable-declarations -Wno-missing-prototypes -Wno-missing-noreturn -Wno-sign-conversion -Wno-nonportable-include-path -Wno-reserved-id-macro -Wno-unused-macros -Wno-documentation-unknown-command -Wno-documentation -Wno-license-management -Wno-parentheses-equality -g -o ./build/Buck-Boost/.obj/__/Core/Hardware/W25Q64.o -MMD ./../Core/Hardware/W25Q64.c
   at unify_builder.Program.Main(String[] args_)
---
./../Core/Hardware/W25Q64.c:12:54: warning: implicit conversion from enumeration type 'FlagStatus' to different enumeration type 'GPIO_PinState' [-Wenum-conversion]
   12 |         HAL_GPIO_WritePin(Flash_CS_GPIO_Port, Flash_CS_Pin, RESET);
      |         ~~~~~~~~~~~~~~~~~                                   ^~~~~
./../Core/Hardware/W25Q64.c:21:54: warning: implicit conversion from enumeration type 'FlagStatus' to different enumeration type 'GPIO_PinState' [-Wenum-conversion]
   21 |         HAL_GPIO_WritePin(Flash_CS_GPIO_Port, Flash_CS_Pin, SET);
      |         ~~~~~~~~~~~~~~~~~                                   ^~~
./../Core/Hardware/W25Q64.c:27:2: error: call to undeclared function 'MySPI_SwapByte'; ISO C99 and later do not support implicit function declarations [-Wimplicit-function-declaration]
   27 |         MySPI_SwapByte(W25Q64_JEDEC_ID);
      |         ^
./../Core/Hardware/W25Q64.c:38:2: error: call to undeclared function 'MySPI_SwapByte'; ISO C99 and later do not support implicit function declarations [-Wimplicit-function-declaration]
   38 |         MySPI_SwapByte(W25Q64_WRITE_ENABLE);
      |         ^
./../Core/Hardware/W25Q64.c:46:2: error: call to undeclared function 'MySPI_SwapByte'; ISO C99 and later do not support implicit function declarations [-Wimplicit-function-declaration]
   46 |         MySPI_SwapByte(W25Q64_READ_STATUS_REGISTER_1);
      |         ^
./../Core/Hardware/W25Q64.c:66:2: error: call to undeclared function 'MySPI_SwapByte'; ISO C99 and later do not support implicit function declarations [-Wimplicit-function-declaration]
   66 |         MySPI_SwapByte(W25Q64_PAGE_PROGRAM);
      |         ^
./../Core/Hardware/W25Q64.c:84:2: error: call to undeclared function 'MySPI_SwapByte'; ISO C99 and later do not support implicit function declarations [-Wimplicit-function-declaration]
   84 |         MySPI_SwapByte(W25Q64_SECTOR_ERASE_4KB);
      |         ^
./../Core/Hardware/W25Q64.c:97:2: error: call to undeclared function 'MySPI_SwapByte'; ISO C99 and later do not support implicit function declarations [-Wimplicit-function-declaration]
   97 |         MySPI_SwapByte(W25Q64_READ_DATA);
      |         ^
2 warnings and 6 errors generated.

[2024-04-21 02:16:57]	compilation failed at : "e:\Electronic\Project\开关电源\基于STM32的Buck-Boost型数字电源\Buck-Boost\Core\Hardware\W25Q64.c", exit code: 1
command: 
  "D:\Keil_v5\ARM\ARMCLANG\bin\armclang.exe" --target=arm-arm-none-eabi -c -xc -std=c99 -I../Core/Inc -I../Drivers/STM32G4xx_HAL_Driver/Inc -I../Drivers/STM32G4xx_HAL_Driver/Inc/Legacy -I../Drivers/CMSIS/Device/ST/STM32G4xx/Include -I../Drivers/CMSIS/Include -I../Core/Hardware -IRTE/_Buck-Boost -DUSE_HAL_DRIVER -DSTM32G474xx -mfloat-abi=hard -mfpu=fpv4-sp-d16 -mcpu=cortex-m4 -mlittle-endian -D__MICROLIB -O3 -ffunction-sections -funsigned-char -fshort-enums -fshort-wchar -fno-rtti -Wno-packed -Wno-missing-variable-declarations -Wno-missing-prototypes -Wno-missing-noreturn -Wno-sign-conversion -Wno-nonportable-include-path -Wno-reserved-id-macro -Wno-unused-macros -Wno-documentation-unknown-command -Wno-documentation -Wno-license-management -Wno-parentheses-equality -g -o ./build/Buck-Boost/.obj/__/Core/Hardware/W25Q64.o -MMD ./../Core/Hardware/W25Q64.c
   at unify_builder.Program.Main(String[] args_)
---
./../Core/Hardware/W25Q64.c:27:2: error: call to undeclared function 'MySPI_SwapByte'; ISO C99 and later do not support implicit function declarations [-Wimplicit-function-declaration]
   27 |         MySPI_SwapByte(W25Q64_JEDEC_ID);
      |         ^
./../Core/Hardware/W25Q64.c:38:2: error: call to undeclared function 'MySPI_SwapByte'; ISO C99 and later do not support implicit function declarations [-Wimplicit-function-declaration]
   38 |         MySPI_SwapByte(W25Q64_WRITE_ENABLE);
      |         ^
./../Core/Hardware/W25Q64.c:46:2: error: call to undeclared function 'MySPI_SwapByte'; ISO C99 and later do not support implicit function declarations [-Wimplicit-function-declaration]
   46 |         MySPI_SwapByte(W25Q64_READ_STATUS_REGISTER_1);
      |         ^
./../Core/Hardware/W25Q64.c:66:2: error: call to undeclared function 'MySPI_SwapByte'; ISO C99 and later do not support implicit function declarations [-Wimplicit-function-declaration]
   66 |         MySPI_SwapByte(W25Q64_PAGE_PROGRAM);
      |         ^
./../Core/Hardware/W25Q64.c:84:2: error: call to undeclared function 'MySPI_SwapByte'; ISO C99 and later do not support implicit function declarations [-Wimplicit-function-declaration]
   84 |         MySPI_SwapByte(W25Q64_SECTOR_ERASE_4KB);
      |         ^
./../Core/Hardware/W25Q64.c:97:2: error: call to undeclared function 'MySPI_SwapByte'; ISO C99 and later do not support implicit function declarations [-Wimplicit-function-declaration]
   97 |         MySPI_SwapByte(W25Q64_READ_DATA);
      |         ^
6 errors generated.

[2024-04-21 03:07:25]	[done]
	build successfully !

[2024-04-21 03:14:49]	[done]
	build successfully !

[2024-04-21 03:20:49]	[done]
	build successfully !

[2024-04-21 03:27:10]	[done]
	build successfully !

[2024-04-21 03:28:53]	[done]
	build successfully !

[2024-04-21 03:35:02]	[done]
	build successfully !

[2024-04-21 03:35:30]	[done]
	build successfully !

[2024-04-21 03:38:29]	[done]
	build successfully !

[2024-04-21 03:41:41]	[done]
	build successfully !

[2024-04-21 03:43:16]	[done]
	build successfully !

[2024-04-21 03:43:31]	[done]
	build successfully !

[2024-04-21 14:16:51]	[done]
	build successfully !

[2024-04-21 14:26:20]	[done]
	build successfully !

[2024-04-21 14:27:18]	[done]
	build successfully !

[2024-04-21 14:27:41]	[done]
	build successfully !

[2024-04-21 14:28:12]	[done]
	build successfully !

[2024-04-21 14:30:43]	[done]
	build successfully !

[2024-04-21 14:30:56]	[done]
	build successfully !

[2024-04-21 14:31:17]	[done]
	build successfully !

[2024-04-21 14:32:12]	[done]
	build successfully !

[2024-04-21 14:33:20]	[done]
	build successfully !

[2024-04-21 14:33:51]	[done]
	build successfully !

[2024-04-21 14:36:04]	[done]
	build successfully !

[2024-04-21 14:37:06]	[done]
	build successfully !

[2024-04-21 15:42:16]	[done]
	build successfully !

[2024-04-21 17:06:39]	[done]
	build successfully !

[2024-04-21 17:12:36]	[done]
	build successfully !

[2024-04-21 17:13:16]	compilation failed at : "e:\Electronic\Project\开关电源\基于STM32的Buck-Boost型数字电源\Buck-Boost\Core\Hardware\OLED_Data.c", exit code: 1
command: 
  "D:\Keil_v5\ARM\ARMCLANG\bin\armclang.exe" --target=arm-arm-none-eabi -c -xc -std=c99 -I../Core/Inc -I../Drivers/STM32G4xx_HAL_Driver/Inc -I../Drivers/STM32G4xx_HAL_Driver/Inc/Legacy -I../Drivers/CMSIS/Device/ST/STM32G4xx/Include -I../Drivers/CMSIS/Include -I../Core/Hardware -IRTE/_Buck-Boost -DUSE_HAL_DRIVER -DSTM32G474xx -mfloat-abi=hard -mfpu=fpv4-sp-d16 -mcpu=cortex-m4 -mlittle-endian -D__MICROLIB -O3 -ffunction-sections -funsigned-char -fshort-enums -fshort-wchar -fno-rtti -Wno-packed -Wno-missing-variable-declarations -Wno-missing-prototypes -Wno-missing-noreturn -Wno-sign-conversion -Wno-nonportable-include-path -Wno-reserved-id-macro -Wno-unused-macros -Wno-documentation-unknown-command -Wno-documentation -Wno-license-management -Wno-parentheses-equality -g -o ./build/Buck-Boost/.obj/__/Core/Hardware/OLED_Data.o -MMD ./../Core/Hardware/OLED_Data.c
   at unify_builder.Program.Main(String[] args_)
---
./../Core/Hardware/OLED_Data.c:335:30: error: redefinition of 'OLED_CF16x16' with a different type: 'const volatile ChineseCell_t[]' vs 'const ChineseCell_t[]'
  335 | const volatile ChineseCell_t OLED_CF16x16[] = {
      |                              ^
./../Core/Hardware/OLED_Data.h:21:28: note: previous declaration is here
   21 | extern const ChineseCell_t OLED_CF16x16[];
      |                            ^
1 error generated.

[2024-04-21 17:13:55]	compilation failed at : "e:\Electronic\Project\开关电源\基于STM32的Buck-Boost型数字电源\Buck-Boost\Core\Src\function.c", exit code: 1
command: 
  "D:\Keil_v5\ARM\ARMCLANG\bin\armclang.exe" --target=arm-arm-none-eabi -c -xc -std=c99 -I../Core/Inc -I../Drivers/STM32G4xx_HAL_Driver/Inc -I../Drivers/STM32G4xx_HAL_Driver/Inc/Legacy -I../Drivers/CMSIS/Device/ST/STM32G4xx/Include -I../Drivers/CMSIS/Include -I../Core/Hardware -IRTE/_Buck-Boost -DUSE_HAL_DRIVER -DSTM32G474xx -mfloat-abi=hard -mfpu=fpv4-sp-d16 -mcpu=cortex-m4 -mlittle-endian -D__MICROLIB -O3 -ffunction-sections -funsigned-char -fshort-enums -fshort-wchar -fno-rtti -Wno-packed -Wno-missing-variable-declarations -Wno-missing-prototypes -Wno-missing-noreturn -Wno-sign-conversion -Wno-nonportable-include-path -Wno-reserved-id-macro -Wno-unused-macros -Wno-documentation-unknown-command -Wno-documentation -Wno-license-management -Wno-parentheses-equality -g -o ./build/Buck-Boost/.obj/__/Core/Src/function.o -MMD ./../Core/Src/function.c
   at unify_builder.Program.Main(String[] args_)
---
./../Core/Src/function.c:399:27: warning: function cannot return qualified void type 'volatile void' [-Wqualified-void-return-type]
  399 | volatile void OLED_Display(void)
      |                           ^
./../Core/Src/function.c:399:15: error: conflicting types for 'OLED_Display'
  399 | volatile void OLED_Display(void)
      |               ^
../Core/Inc\function.h:185:6: note: previous declaration is here
  185 | void OLED_Display(void);
      |      ^
1 warning and 1 error generated.

[2024-04-21 17:14:06]	[done]
	build successfully !

[2024-04-21 17:14:13]	compilation failed at : "e:\Electronic\Project\开关电源\基于STM32的Buck-Boost型数字电源\Buck-Boost\Core\Src\function.c", exit code: 1
command: 
  "D:\Keil_v5\ARM\ARMCLANG\bin\armclang.exe" --target=arm-arm-none-eabi -c -xc -std=c99 -I../Core/Inc -I../Drivers/STM32G4xx_HAL_Driver/Inc -I../Drivers/STM32G4xx_HAL_Driver/Inc/Legacy -I../Drivers/CMSIS/Device/ST/STM32G4xx/Include -I../Drivers/CMSIS/Include -I../Core/Hardware -IRTE/_Buck-Boost -DUSE_HAL_DRIVER -DSTM32G474xx -mfloat-abi=hard -mfpu=fpv4-sp-d16 -mcpu=cortex-m4 -mlittle-endian -D__MICROLIB -O3 -ffunction-sections -funsigned-char -fshort-enums -fshort-wchar -fno-rtti -Wno-packed -Wno-missing-variable-declarations -Wno-missing-prototypes -Wno-missing-noreturn -Wno-sign-conversion -Wno-nonportable-include-path -Wno-reserved-id-macro -Wno-unused-macros -Wno-documentation-unknown-command -Wno-documentation -Wno-license-management -Wno-parentheses-equality -g -o ./build/Buck-Boost/.obj/__/Core/Src/function.o -MMD ./../Core/Src/function.c
   at unify_builder.Program.Main(String[] args_)
---
./../Core/Src/function.c:399:10: error: type specifier missing, defaults to 'int'; ISO C99 and later do not support implicit int [-Wimplicit-int]
  399 | volatile OLED_Display(void)
      | ~~~~~~~~ ^
      | int
./../Core/Src/function.c:399:10: error: conflicting types for 'OLED_Display'
../Core/Inc\function.h:185:6: note: previous declaration is here
  185 | void OLED_Display(void);
      |      ^
2 errors generated.

[2024-04-21 17:14:21]	[done]
	build successfully !

[2024-04-21 17:16:10]	[done]
	build successfully !

[2024-04-21 17:16:55]	[done]
	build successfully !

[2024-04-21 17:17:44]	[done]
	build successfully !

[2024-04-21 17:21:30]	[done]
	build successfully !

[2024-04-21 17:22:30]	[done]
	build successfully !

[2024-04-21 17:22:45]	[done]
	build successfully !

[2024-04-21 19:24:33]	compilation failed at : "e:\Electronic\Project\开关电源\基于STM32的Buck-Boost型数字电源\Buck-Boost\Core\Src\function.c", exit code: 1
command: 
  "D:\Keil_v5\ARM\ARMCLANG\bin\armclang.exe" --target=arm-arm-none-eabi -c -xc -std=c99 -I../Core/Inc -I../Drivers/STM32G4xx_HAL_Driver/Inc -I../Drivers/STM32G4xx_HAL_Driver/Inc/Legacy -I../Drivers/CMSIS/Device/ST/STM32G4xx/Include -I../Drivers/CMSIS/Include -I../Core/Hardware -IRTE/_Buck-Boost -DUSE_HAL_DRIVER -DSTM32G474xx -mfloat-abi=hard -mfpu=fpv4-sp-d16 -mcpu=cortex-m4 -mlittle-endian -Os -ffunction-sections -funsigned-char -fshort-enums -fshort-wchar -fno-rtti -Wno-packed -Wno-missing-variable-declarations -Wno-missing-prototypes -Wno-missing-noreturn -Wno-sign-conversion -Wno-nonportable-include-path -Wno-reserved-id-macro -Wno-unused-macros -Wno-documentation-unknown-command -Wno-documentation -Wno-license-management -Wno-parentheses-equality -g -o ./build/Buck-Boost/.obj/__/Core/Src/function.o -MMD ./../Core/Src/function.c
   at unify_builder.Program.Main(String[] args_)
---
./../Core/Src/function.c:23:28: error: redefinition of 'CtrValue' with a different type: 'volatile struct _Ctr_value' vs 'struct _Ctr_value'
   23 | volatile struct _Ctr_value CtrValue = {0, 0, 0, 0, MIN_BUKC_DUTY, 0, 0, 0}; // 控制参数
      |                            ^
../Core/Inc\function.h:138:26: note: previous declaration is here
  138 | extern struct _Ctr_value CtrValue;                              // 控制参数
      |                          ^
1 error generated.

[2024-04-21 19:24:58]	[done]
	build successfully !

[2024-04-21 19:26:17]	[done]
	build successfully !

[2024-04-21 19:31:09]	compilation failed at : "e:\Electronic\Project\开关电源\基于STM32的Buck-Boost型数字电源\Buck-Boost\Core\Src\function.c", exit code: 1
command: 
  "D:\Keil_v5\ARM\ARMCLANG\bin\armclang.exe" --target=arm-arm-none-eabi -c -xc -std=c99 -I../Core/Inc -I../Drivers/STM32G4xx_HAL_Driver/Inc -I../Drivers/STM32G4xx_HAL_Driver/Inc/Legacy -I../Drivers/CMSIS/Device/ST/STM32G4xx/Include -I../Drivers/CMSIS/Include -I../Core/Hardware -IRTE/_Buck-Boost -DUSE_HAL_DRIVER -DSTM32G474xx -mfloat-abi=hard -mfpu=fpv4-sp-d16 -mcpu=cortex-m4 -mlittle-endian -Os -ffunction-sections -funsigned-char -fshort-enums -fshort-wchar -fno-rtti -Wno-packed -Wno-missing-variable-declarations -Wno-missing-prototypes -Wno-missing-noreturn -Wno-sign-conversion -Wno-nonportable-include-path -Wno-reserved-id-macro -Wno-unused-macros -Wno-documentation-unknown-command -Wno-documentation -Wno-license-management -Wno-parentheses-equality -g -o ./build/Buck-Boost/.obj/__/Core/Src/function.o -MMD ./../Core/Src/function.c
   at unify_builder.Program.Main(String[] args_)
---
./../Core/Src/function.c:1270:5: error: call to undeclared library function 'memcpy' with type 'void *(void *, const void *, unsigned int)'; ISO C99 and later do not support implicit function declarations [-Wimplicit-function-declaration]
 1270 |     memcpy(bytes, &value, sizeof(float));
      |     ^
./../Core/Src/function.c:1270:5: note: include the header <string.h> or explicitly provide a declaration for 'memcpy'
1 error generated.

[2024-04-21 19:31:47]	[done]
	build successfully !

[2024-04-21 19:33:35]	[done]
	build successfully !

[2024-04-21 19:45:44]	compilation failed at : "e:\Electronic\Project\开关电源\基于STM32的Buck-Boost型数字电源\Buck-Boost\Core\Src\function.c", exit code: 1
command: 
  "D:\Keil_v5\ARM\ARMCLANG\bin\armclang.exe" --target=arm-arm-none-eabi -c -xc -std=c99 -I../Core/Inc -I../Drivers/STM32G4xx_HAL_Driver/Inc -I../Drivers/STM32G4xx_HAL_Driver/Inc/Legacy -I../Drivers/CMSIS/Device/ST/STM32G4xx/Include -I../Drivers/CMSIS/Include -I../Core/Hardware -IRTE/_Buck-Boost -DUSE_HAL_DRIVER -DSTM32G474xx -mfloat-abi=hard -mfpu=fpv4-sp-d16 -mcpu=cortex-m4 -mlittle-endian -Os -ffunction-sections -funsigned-char -fshort-enums -fshort-wchar -fno-rtti -Wno-packed -Wno-missing-variable-declarations -Wno-missing-prototypes -Wno-missing-noreturn -Wno-sign-conversion -Wno-nonportable-include-path -Wno-reserved-id-macro -Wno-unused-macros -Wno-documentation-unknown-command -Wno-documentation -Wno-license-management -Wno-parentheses-equality -g -o ./build/Buck-Boost/.obj/__/Core/Src/function.o -MMD ./../Core/Src/function.c
   at unify_builder.Program.Main(String[] args_)
---
./../Core/Src/function.c:1240:31: error: incompatible integer to pointer conversion passing 'uint8_t' (aka 'unsigned char') to parameter of type 'uint8_t *' (aka 'unsigned char *'); take the address with & [-Wint-conversion]
 1240 |     W25Q64_ReadData(0x000000, Flash_flag, 1); // 读取Flash中0x000000地址处的数据，这个地址存储标志位，0x00表示已经有数据
      |                               ^~~~~~~~~~
      |                               &
../Core/Hardware\W25Q64.h:9:49: note: passing argument to parameter 'DataArray' here
    9 | void W25Q64_ReadData(uint32_t Address, uint8_t *DataArray, uint32_t Count);
      |                                                 ^
./../Core/Src/function.c:1284:30: warning: passing 'volatile float *' to parameter of type 'float *' discards qualifiers [-Wincompatible-pointer-types-discards-qualifiers]
 1284 |     bytes_to_float(VSETtemp, &SET_Value.Vout); // 将字节序列转换为浮点数
      |                              ^~~~~~~~~~~~~~~
../Core/Inc\function.h:208:44: note: passing argument to parameter 'value' here
  208 | void bytes_to_float(uint8_t *bytes, float *value);
      |                                            ^
./../Core/Src/function.c:1285:30: warning: passing 'volatile float *' to parameter of type 'float *' discards qualifiers [-Wincompatible-pointer-types-discards-qualifiers]
 1285 |     bytes_to_float(ISETtemp, &SET_Value.Iout); // 将字节序列转换为浮点数
      |                              ^~~~~~~~~~~~~~~
../Core/Inc\function.h:208:44: note: passing argument to parameter 'value' here
  208 | void bytes_to_float(uint8_t *bytes, float *value);
      |                                            ^
2 warnings and 1 error generated.

[2024-04-21 19:47:52]	compilation failed at : "e:\Electronic\Project\开关电源\基于STM32的Buck-Boost型数字电源\Buck-Boost\Core\Src\function.c", exit code: 1
command: 
  "D:\Keil_v5\ARM\ARMCLANG\bin\armclang.exe" --target=arm-arm-none-eabi -c -xc -std=c99 -I../Core/Inc -I../Drivers/STM32G4xx_HAL_Driver/Inc -I../Drivers/STM32G4xx_HAL_Driver/Inc/Legacy -I../Drivers/CMSIS/Device/ST/STM32G4xx/Include -I../Drivers/CMSIS/Include -I../Core/Hardware -IRTE/_Buck-Boost -DUSE_HAL_DRIVER -DSTM32G474xx -mfloat-abi=hard -mfpu=fpv4-sp-d16 -mcpu=cortex-m4 -mlittle-endian -Os -ffunction-sections -funsigned-char -fshort-enums -fshort-wchar -fno-rtti -Wno-packed -Wno-missing-variable-declarations -Wno-missing-prototypes -Wno-missing-noreturn -Wno-sign-conversion -Wno-nonportable-include-path -Wno-reserved-id-macro -Wno-unused-macros -Wno-documentation-unknown-command -Wno-documentation -Wno-license-management -Wno-parentheses-equality -g -o ./build/Buck-Boost/.obj/__/Core/Src/function.o -MMD ./../Core/Src/function.c
   at unify_builder.Program.Main(String[] args_)
---
./../Core/Src/function.c:1240:31: error: incompatible integer to pointer conversion passing 'uint8_t' (aka 'unsigned char') to parameter of type 'uint8_t *' (aka 'unsigned char *'); take the address with & [-Wint-conversion]
 1240 |     W25Q64_ReadData(0x000000, Flash_flag, 1); // 读取Flash中0x000000地址处的数据，这个地址存储标志位，0x00表示已经有数据
      |                               ^~~~~~~~~~
      |                               &
../Core/Hardware\W25Q64.h:9:49: note: passing argument to parameter 'DataArray' here
    9 | void W25Q64_ReadData(uint32_t Address, uint8_t *DataArray, uint32_t Count);
      |                                                 ^
./../Core/Src/function.c:1284:30: error: too many arguments to function call, expected single argument 'bytes', have 2 arguments
 1284 |     bytes_to_float(VSETtemp, &SET_Value.Vout); // 将字节序列转换为浮点数
      |     ~~~~~~~~~~~~~~           ^~~~~~~~~~~~~~~
../Core/Inc\function.h:208:6: note: 'bytes_to_float' declared here
  208 | void bytes_to_float(uint8_t *bytes);
      |      ^              ~~~~~~~~~~~~~~
./../Core/Src/function.c:1285:30: error: too many arguments to function call, expected single argument 'bytes', have 2 arguments
 1285 |     bytes_to_float(ISETtemp, &SET_Value.Iout); // 将字节序列转换为浮点数
      |     ~~~~~~~~~~~~~~           ^~~~~~~~~~~~~~~
../Core/Inc\function.h:208:6: note: 'bytes_to_float' declared here
  208 | void bytes_to_float(uint8_t *bytes);
      |      ^              ~~~~~~~~~~~~~~
./../Core/Src/function.c:1295:7: error: conflicting types for 'bytes_to_float'
 1295 | float bytes_to_float(uint8_t *bytes)
      |       ^
../Core/Inc\function.h:208:6: note: previous declaration is here
  208 | void bytes_to_float(uint8_t *bytes);
      |      ^
4 errors generated.

[2024-04-21 19:48:24]	compilation failed at : "e:\Electronic\Project\开关电源\基于STM32的Buck-Boost型数字电源\Buck-Boost\Core\Src\function.c", exit code: 1
command: 
  "D:\Keil_v5\ARM\ARMCLANG\bin\armclang.exe" --target=arm-arm-none-eabi -c -xc -std=c99 -I../Core/Inc -I../Drivers/STM32G4xx_HAL_Driver/Inc -I../Drivers/STM32G4xx_HAL_Driver/Inc/Legacy -I../Drivers/CMSIS/Device/ST/STM32G4xx/Include -I../Drivers/CMSIS/Include -I../Core/Hardware -IRTE/_Buck-Boost -DUSE_HAL_DRIVER -DSTM32G474xx -mfloat-abi=hard -mfpu=fpv4-sp-d16 -mcpu=cortex-m4 -mlittle-endian -Os -ffunction-sections -funsigned-char -fshort-enums -fshort-wchar -fno-rtti -Wno-packed -Wno-missing-variable-declarations -Wno-missing-prototypes -Wno-missing-noreturn -Wno-sign-conversion -Wno-nonportable-include-path -Wno-reserved-id-macro -Wno-unused-macros -Wno-documentation-unknown-command -Wno-documentation -Wno-license-management -Wno-parentheses-equality -g -o ./build/Buck-Boost/.obj/__/Core/Src/function.o -MMD ./../Core/Src/function.c
   at unify_builder.Program.Main(String[] args_)
---
./../Core/Src/function.c:1240:31: error: incompatible integer to pointer conversion passing 'uint8_t' (aka 'unsigned char') to parameter of type 'uint8_t *' (aka 'unsigned char *'); take the address with & [-Wint-conversion]
 1240 |     W25Q64_ReadData(0x000000, Flash_flag, 1); // 读取Flash中0x000000地址处的数据，这个地址存储标志位，0x00表示已经有数据
      |                               ^~~~~~~~~~
      |                               &
../Core/Hardware\W25Q64.h:9:49: note: passing argument to parameter 'DataArray' here
    9 | void W25Q64_ReadData(uint32_t Address, uint8_t *DataArray, uint32_t Count);
      |                                                 ^
./../Core/Src/function.c:1284:19: error: assigning to 'volatile float' from incompatible type 'void'
 1284 |     SET_Value.Vout=bytes_to_float(VSETtemp); // 将字节序列转换为浮点数
      |                   ^~~~~~~~~~~~~~~~~~~~~~~~~
./../Core/Src/function.c:1285:19: error: assigning to 'volatile float' from incompatible type 'void'
 1285 |     SET_Value.Iout=bytes_to_float(ISETtemp); // 将字节序列转换为浮点数
      |                   ^~~~~~~~~~~~~~~~~~~~~~~~~
./../Core/Src/function.c:1295:7: error: conflicting types for 'bytes_to_float'
 1295 | float bytes_to_float(uint8_t *bytes)
      |       ^
../Core/Inc\function.h:208:6: note: previous declaration is here
  208 | void bytes_to_float(uint8_t *bytes);
      |      ^
4 errors generated.

[2024-04-21 19:48:53]	compilation failed at : "e:\Electronic\Project\开关电源\基于STM32的Buck-Boost型数字电源\Buck-Boost\Core\Src\function.c", exit code: 1
command: 
  "D:\Keil_v5\ARM\ARMCLANG\bin\armclang.exe" --target=arm-arm-none-eabi -c -xc -std=c99 -I../Core/Inc -I../Drivers/STM32G4xx_HAL_Driver/Inc -I../Drivers/STM32G4xx_HAL_Driver/Inc/Legacy -I../Drivers/CMSIS/Device/ST/STM32G4xx/Include -I../Drivers/CMSIS/Include -I../Core/Hardware -IRTE/_Buck-Boost -DUSE_HAL_DRIVER -DSTM32G474xx -mfloat-abi=hard -mfpu=fpv4-sp-d16 -mcpu=cortex-m4 -mlittle-endian -Os -ffunction-sections -funsigned-char -fshort-enums -fshort-wchar -fno-rtti -Wno-packed -Wno-missing-variable-declarations -Wno-missing-prototypes -Wno-missing-noreturn -Wno-sign-conversion -Wno-nonportable-include-path -Wno-reserved-id-macro -Wno-unused-macros -Wno-documentation-unknown-command -Wno-documentation -Wno-license-management -Wno-parentheses-equality -g -o ./build/Buck-Boost/.obj/__/Core/Src/function.o -MMD ./../Core/Src/function.c
   at unify_builder.Program.Main(String[] args_)
---
./../Core/Src/function.c:1240:31: error: incompatible integer to pointer conversion passing 'uint8_t' (aka 'unsigned char') to parameter of type 'uint8_t *' (aka 'unsigned char *'); take the address with & [-Wint-conversion]
 1240 |     W25Q64_ReadData(0x000000, Flash_flag, 1); // 读取Flash中0x000000地址处的数据，这个地址存储标志位，0x00表示已经有数据
      |                               ^~~~~~~~~~
      |                               &
../Core/Hardware\W25Q64.h:9:49: note: passing argument to parameter 'DataArray' here
    9 | void W25Q64_ReadData(uint32_t Address, uint8_t *DataArray, uint32_t Count);
      |                                                 ^
1 error generated.

[2024-04-21 19:49:13]	compilation failed at : "e:\Electronic\Project\开关电源\基于STM32的Buck-Boost型数字电源\Buck-Boost\Core\Src\function.c", exit code: 1
command: 
  "D:\Keil_v5\ARM\ARMCLANG\bin\armclang.exe" --target=arm-arm-none-eabi -c -xc -std=c99 -I../Core/Inc -I../Drivers/STM32G4xx_HAL_Driver/Inc -I../Drivers/STM32G4xx_HAL_Driver/Inc/Legacy -I../Drivers/CMSIS/Device/ST/STM32G4xx/Include -I../Drivers/CMSIS/Include -I../Core/Hardware -IRTE/_Buck-Boost -DUSE_HAL_DRIVER -DSTM32G474xx -mfloat-abi=hard -mfpu=fpv4-sp-d16 -mcpu=cortex-m4 -mlittle-endian -Os -ffunction-sections -funsigned-char -fshort-enums -fshort-wchar -fno-rtti -Wno-packed -Wno-missing-variable-declarations -Wno-missing-prototypes -Wno-missing-noreturn -Wno-sign-conversion -Wno-nonportable-include-path -Wno-reserved-id-macro -Wno-unused-macros -Wno-documentation-unknown-command -Wno-documentation -Wno-license-management -Wno-parentheses-equality -g -o ./build/Buck-Boost/.obj/__/Core/Src/function.o -MMD ./../Core/Src/function.c
   at unify_builder.Program.compileByMulThread(Int32 thrNum, CmdInfo[] cmds_, List`1 errLogs)
   at unify_builder.Program.Main(String[] args_)
---
./../Core/Src/function.c:1240:31: error: incompatible integer to pointer conversion passing 'uint8_t' (aka 'unsigned char') to parameter of type 'uint8_t *' (aka 'unsigned char *'); take the address with & [-Wint-conversion]
 1240 |     W25Q64_ReadData(0x000000, Flash_flag, 1); // 读取Flash中0x000000地址处的数据，这个地址存储标志位，0x00表示已经有数据
      |                               ^~~~~~~~~~
      |                               &
../Core/Hardware\W25Q64.h:9:49: note: passing argument to parameter 'DataArray' here
    9 | void W25Q64_ReadData(uint32_t Address, uint8_t *DataArray, uint32_t Count);
      |                                                 ^
1 error generated.

[2024-04-21 19:52:55]	compilation failed at : "e:\Electronic\Project\开关电源\基于STM32的Buck-Boost型数字电源\Buck-Boost\Core\Src\function.c", exit code: 1
command: 
  "D:\Keil_v5\ARM\ARMCLANG\bin\armclang.exe" --target=arm-arm-none-eabi -c -xc -std=c99 -I../Core/Inc -I../Drivers/STM32G4xx_HAL_Driver/Inc -I../Drivers/STM32G4xx_HAL_Driver/Inc/Legacy -I../Drivers/CMSIS/Device/ST/STM32G4xx/Include -I../Drivers/CMSIS/Include -I../Core/Hardware -IRTE/_Buck-Boost -DUSE_HAL_DRIVER -DSTM32G474xx -mfloat-abi=hard -mfpu=fpv4-sp-d16 -mcpu=cortex-m4 -mlittle-endian -Os -ffunction-sections -funsigned-char -fshort-enums -fshort-wchar -fno-rtti -Wno-packed -Wno-missing-variable-declarations -Wno-missing-prototypes -Wno-missing-noreturn -Wno-sign-conversion -Wno-nonportable-include-path -Wno-reserved-id-macro -Wno-unused-macros -Wno-documentation-unknown-command -Wno-documentation -Wno-license-management -Wno-parentheses-equality -g -o ./build/Buck-Boost/.obj/__/Core/Src/function.o -MMD ./../Core/Src/function.c
   at unify_builder.Program.Main(String[] args_)
---
./../Core/Src/function.c:1240:31: error: incompatible integer to pointer conversion passing 'uint8_t' (aka 'unsigned char') to parameter of type 'uint8_t *' (aka 'unsigned char *'); take the address with & [-Wint-conversion]
 1240 |     W25Q64_ReadData(0x000000, Flash_flag, 1); // 读取Flash中0x000000地址处的数据，这个地址存储标志位，0x00表示已经有数据
      |                               ^~~~~~~~~~
      |                               &
../Core/Hardware\W25Q64.h:9:49: note: passing argument to parameter 'DataArray' here
    9 | void W25Q64_ReadData(uint32_t Address, uint8_t *DataArray, uint32_t Count);
      |                                                 ^
1 error generated.

[2024-04-21 19:53:55]	[done]
	build successfully !

[2024-04-21 19:54:42]	[done]
	build successfully !

[2024-04-21 19:57:29]	[done]
	build successfully !

[2024-04-21 19:57:42]	[done]
	build successfully !

[2024-04-21 19:59:08]	[done]
	build successfully !

[2024-04-21 19:59:59]	[done]
	build successfully !

[2024-04-21 20:01:04]	[done]
	build successfully !

[2024-04-21 20:15:02]	[done]
	build successfully !

[2024-04-21 20:16:26]	[done]
	build successfully !

[2024-04-21 20:17:16]	[done]
	build successfully !

[2024-04-21 20:18:55]	[done]
	build successfully !

[2024-04-21 20:19:11]	[done]
	build successfully !

[2024-04-21 20:19:34]	[done]
	build successfully !

[2024-04-21 20:21:47]	[done]
	build successfully !

[2024-04-21 20:22:25]	[done]
	build successfully !

[2024-04-21 20:22:54]	[done]
	build successfully !

[2024-04-21 20:23:16]	[done]
	build successfully !

[2024-04-21 20:23:33]	[done]
	build successfully !

[2024-04-21 20:25:00]	[done]
	build successfully !

[2024-04-21 20:26:44]	[done]
	build successfully !

[2024-04-21 20:27:03]	[done]
	build successfully !

[2024-04-21 20:27:45]	[done]
	build successfully !

[2024-04-21 20:28:22]	[done]
	build successfully !

[2024-04-21 20:29:23]	[done]
	build successfully !

[2024-04-21 20:29:55]	[done]
	build successfully !

[2024-04-21 20:31:06]	[done]
	build successfully !

[2024-04-21 20:31:32]	[done]
	build successfully !

[2024-04-21 20:32:09]	[done]
	build successfully !

[2024-04-21 20:33:06]	[done]
	build successfully !

[2024-04-21 20:33:34]	[done]
	build successfully !

[2024-04-21 20:33:57]	[done]
	build successfully !

[2024-04-21 20:54:01]	compilation failed at : "e:\Electronic\Project\开关电源\基于STM32的Buck-Boost型数字电源\Buck-Boost\Core\Src\function.c", exit code: 1
command: 
  "D:\Keil_v5\ARM\ARMCLANG\bin\armclang.exe" --target=arm-arm-none-eabi -c -xc -std=c99 -I../Core/Inc -I../Drivers/STM32G4xx_HAL_Driver/Inc -I../Drivers/STM32G4xx_HAL_Driver/Inc/Legacy -I../Drivers/CMSIS/Device/ST/STM32G4xx/Include -I../Drivers/CMSIS/Include -I../Core/Hardware -IRTE/_Buck-Boost -DUSE_HAL_DRIVER -DSTM32G474xx -mfloat-abi=hard -mfpu=fpv4-sp-d16 -mcpu=cortex-m4 -mlittle-endian -Os -ffunction-sections -funsigned-char -fshort-enums -fshort-wchar -fno-rtti -Wno-packed -Wno-missing-variable-declarations -Wno-missing-prototypes -Wno-missing-noreturn -Wno-sign-conversion -Wno-nonportable-include-path -Wno-reserved-id-macro -Wno-unused-macros -Wno-documentation-unknown-command -Wno-documentation -Wno-license-management -Wno-parentheses-equality -g -o ./build/Buck-Boost/.obj/__/Core/Src/function.o -MMD ./../Core/Src/function.c
   at unify_builder.Program.Main(String[] args_)
---
./../Core/Src/function.c:715:1: error: function definition is not allowed here
  715 | {
      | ^
./../Core/Src/function.c:998:1: error: function definition is not allowed here
  998 | {
      | ^
./../Core/Src/function.c:1031:1: error: function definition is not allowed here
 1031 | {
      | ^
./../Core/Src/function.c:1044:1: error: function definition is not allowed here
 1044 | {
      | ^
./../Core/Src/function.c:1075:1: error: function definition is not allowed here
 1075 | {
      | ^
./../Core/Src/function.c:1086:1: error: function definition is not allowed here
 1086 | {
      | ^
./../Core/Src/function.c:1116:1: error: function definition is not allowed here
 1116 | {
      | ^
./../Core/Src/function.c:1123:1: error: function definition is not allowed here
 1123 | {
      | ^
./../Core/Src/function.c:1142:1: error: function definition is not allowed here
 1142 | {
      | ^
./../Core/Src/function.c:1173:1: error: function definition is not allowed here
 1173 | {
      | ^
./../Core/Src/function.c:1277:1: error: function definition is not allowed here
 1277 | {
      | ^
./../Core/Src/function.c:1332:1: error: function definition is not allowed here
 1332 | {
      | ^
./../Core/Src/function.c:1366:1: error: function definition is not allowed here
 1366 | {
      | ^
./../Core/Src/function.c:1438:1: error: function definition is not allowed here
 1438 | {
      | ^
./../Core/Src/function.c:1460:1: error: function definition is not allowed here
 1460 | {
      | ^
./../Core/Src/function.c:1540:1: error: function definition is not allowed here
 1540 | {
      | ^
./../Core/Src/function.c:1560:1: error: function definition is not allowed here
 1560 | {
      | ^
./../Core/Src/function.c:1582:1: error: function definition is not allowed here
 1582 | {
      | ^
./../Core/Src/function.c:1596:1: error: function definition is not allowed here
 1596 | {
      | ^
fatal error: too many errors emitted, stopping now [-ferror-limit=]
20 errors generated.

[2024-04-21 20:54:13]	[done]
	build successfully !

[2024-04-21 20:56:56]	[done]
	build successfully !

[2024-04-21 21:01:47]	[done]
	build successfully !

[2024-04-21 21:04:39]	[done]
	build successfully !

[2024-04-21 21:06:36]	[done]
	build successfully !

[2024-04-21 21:07:39]	[done]
	build successfully !

[2024-04-21 21:12:28]	[done]
	build successfully !

[2024-04-21 21:15:46]	[done]
	build successfully !

[2024-04-21 21:18:15]	[done]
	build successfully !

[2024-04-21 21:20:32]	[done]
	build successfully !

[2024-04-21 21:22:52]	[done]
	build successfully !

[2024-04-21 21:24:25]	[done]
	build successfully !

[2024-04-21 21:25:21]	[done]
	build successfully !

[2024-04-21 21:27:21]	[done]
	build successfully !

[2024-04-21 21:28:49]	[done]
	build successfully !

[2024-04-21 22:04:29]	[done]
	build successfully !

[2024-04-21 22:04:58]	[done]
	build successfully !

[2024-04-21 22:05:11]	[done]
	build successfully !

[2024-04-21 22:06:19]	[done]
	build successfully !

[2024-04-21 22:07:17]	[done]
	build successfully !

[2024-04-21 22:07:45]	[done]
	build successfully !

[2024-04-21 23:35:40]	[done]
	build successfully !

[2024-04-21 23:54:17]	compilation failed at : "e:\Electronic\Project\开关电源\基于STM32的Buck-Boost型数字电源\Buck-Boost\Core\Src\main.c", exit code: 1
command: 
  "D:\Keil_v5\ARM\ARMCLANG\bin\armclang.exe" --target=arm-arm-none-eabi -c -xc -std=c99 -I../Core/Inc -I../Drivers/STM32G4xx_HAL_Driver/Inc -I../Drivers/STM32G4xx_HAL_Driver/Inc/Legacy -I../Drivers/CMSIS/Device/ST/STM32G4xx/Include -I../Drivers/CMSIS/Include -I../Core/Hardware -IRTE/_Buck-Boost -DUSE_HAL_DRIVER -DSTM32G474xx -mfloat-abi=hard -mfpu=fpv4-sp-d16 -mcpu=cortex-m4 -mlittle-endian -O3 -ffunction-sections -funsigned-char -fshort-enums -fshort-wchar -fno-rtti -Wno-packed -Wno-missing-variable-declarations -Wno-missing-prototypes -Wno-missing-noreturn -Wno-sign-conversion -Wno-nonportable-include-path -Wno-reserved-id-macro -Wno-unused-macros -Wno-documentation-unknown-command -Wno-documentation -Wno-license-management -Wno-parentheses-equality -g -o ./build/Buck-Boost/.obj/__/Core/Src/main.o -MMD ./../Core/Src/main.c
   at unify_builder.Program.Main(String[] args_)
---
./../Core/Src/main.c:204:7: error: call to undeclared function 'Auto_FAN'; ISO C99 and later do not support implicit function declarations [-Wimplicit-function-declaration]
  204 |       Auto_FAN();     // 风扇转速控制
      |       ^
./../Core/Src/main.c:204:7: note: did you mean 'uto_FAN'?
../Core/Inc\function.h:209:6: note: 'uto_FAN' declared here
  209 | void uto_FAN(void);
      |      ^
1 error generated.

[2024-04-21 23:54:37]	[done]
	build successfully !

[2024-04-22 00:19:34]	[done]
	build successfully !

